<?xml version="1.0" encoding="UTF-8"?>
<testsuite xmlns:xsi="http://www.w3.org/2001/XMLSchema-instance" xsi:noNamespaceSchemaLocation="https://maven.apache.org/surefire/maven-surefire-plugin/xsd/surefire-test-report.xsd" name="us.abstracta.opencard.RegisterUserTest" time="47.852" tests="2" errors="0" skipped="0" failures="0">
  <properties>
    <property name="awt.toolkit" value="sun.awt.X11.XToolkit"/>
    <property name="java.specification.version" value="11"/>
    <property name="sun.cpu.isalist" value=""/>
    <property name="sun.jnu.encoding" value="UTF-8"/>
    <property name="java.class.path" value="/home/dark-qa/selenium_java/target/test-classes:/home/dark-qa/selenium_java/target/classes:/home/dark-qa/.m2/repository/org/junit/jupiter/junit-jupiter-engine/5.5.2/junit-jupiter-engine-5.5.2.jar:/home/dark-qa/.m2/repository/org/apiguardian/apiguardian-api/1.1.0/apiguardian-api-1.1.0.jar:/home/dark-qa/.m2/repository/org/junit/platform/junit-platform-engine/1.5.2/junit-platform-engine-1.5.2.jar:/home/dark-qa/.m2/repository/io/github/bonigarcia/webdrivermanager/3.8.0/webdrivermanager-3.8.0.jar:/home/dark-qa/.m2/repository/org/slf4j/slf4j-api/1.7.25/slf4j-api-1.7.25.jar:/home/dark-qa/.m2/repository/commons-io/commons-io/2.6/commons-io-2.6.jar:/home/dark-qa/.m2/repository/com/google/code/gson/gson/2.8.5/gson-2.8.5.jar:/home/dark-qa/.m2/repository/org/apache/commons/commons-lang3/3.8.1/commons-lang3-3.8.1.jar:/home/dark-qa/.m2/repository/org/apache/httpcomponents/httpclient/4.5.6/httpclient-4.5.6.jar:/home/dark-qa/.m2/repository/org/apache/httpcomponents/httpcore/4.4.10/httpcore-4.4.10.jar:/home/dark-qa/.m2/repository/commons-logging/commons-logging/1.2/commons-logging-1.2.jar:/home/dark-qa/.m2/repository/commons-codec/commons-codec/1.10/commons-codec-1.10.jar:/home/dark-qa/.m2/repository/org/rauschig/jarchivelib/1.0.0/jarchivelib-1.0.0.jar:/home/dark-qa/.m2/repository/org/apache/commons/commons-compress/1.18/commons-compress-1.18.jar:/home/dark-qa/.m2/repository/org/jsoup/jsoup/1.11.3/jsoup-1.11.3.jar:/home/dark-qa/.m2/repository/org/seleniumhq/selenium/selenium-java/3.141.59/selenium-java-3.141.59.jar:/home/dark-qa/.m2/repository/org/seleniumhq/selenium/selenium-api/3.141.59/selenium-api-3.141.59.jar:/home/dark-qa/.m2/repository/org/seleniumhq/selenium/selenium-chrome-driver/3.141.59/selenium-chrome-driver-3.141.59.jar:/home/dark-qa/.m2/repository/org/seleniumhq/selenium/selenium-edge-driver/3.141.59/selenium-edge-driver-3.141.59.jar:/home/dark-qa/.m2/repository/org/seleniumhq/selenium/selenium-firefox-driver/3.141.59/selenium-firefox-driver-3.141.59.jar:/home/dark-qa/.m2/repository/org/seleniumhq/selenium/selenium-ie-driver/3.141.59/selenium-ie-driver-3.141.59.jar:/home/dark-qa/.m2/repository/org/seleniumhq/selenium/selenium-opera-driver/3.141.59/selenium-opera-driver-3.141.59.jar:/home/dark-qa/.m2/repository/org/seleniumhq/selenium/selenium-remote-driver/3.141.59/selenium-remote-driver-3.141.59.jar:/home/dark-qa/.m2/repository/org/seleniumhq/selenium/selenium-safari-driver/3.141.59/selenium-safari-driver-3.141.59.jar:/home/dark-qa/.m2/repository/org/seleniumhq/selenium/selenium-support/3.141.59/selenium-support-3.141.59.jar:/home/dark-qa/.m2/repository/net/bytebuddy/byte-buddy/1.8.15/byte-buddy-1.8.15.jar:/home/dark-qa/.m2/repository/org/apache/commons/commons-exec/1.3/commons-exec-1.3.jar:/home/dark-qa/.m2/repository/com/google/guava/guava/25.0-jre/guava-25.0-jre.jar:/home/dark-qa/.m2/repository/com/google/code/findbugs/jsr305/1.3.9/jsr305-1.3.9.jar:/home/dark-qa/.m2/repository/org/checkerframework/checker-compat-qual/2.0.0/checker-compat-qual-2.0.0.jar:/home/dark-qa/.m2/repository/com/google/errorprone/error_prone_annotations/2.1.3/error_prone_annotations-2.1.3.jar:/home/dark-qa/.m2/repository/com/google/j2objc/j2objc-annotations/1.1/j2objc-annotations-1.1.jar:/home/dark-qa/.m2/repository/org/codehaus/mojo/animal-sniffer-annotations/1.14/animal-sniffer-annotations-1.14.jar:/home/dark-qa/.m2/repository/com/squareup/okhttp3/okhttp/3.11.0/okhttp-3.11.0.jar:/home/dark-qa/.m2/repository/com/squareup/okio/okio/1.14.0/okio-1.14.0.jar:/home/dark-qa/.m2/repository/ch/qos/logback/logback-classic/1.1.1/logback-classic-1.1.1.jar:/home/dark-qa/.m2/repository/ch/qos/logback/logback-core/1.1.1/logback-core-1.1.1.jar:/home/dark-qa/.m2/repository/io/qameta/allure/allure-junit5/2.13.1/allure-junit5-2.13.1.jar:/home/dark-qa/.m2/repository/io/qameta/allure/allure-junit-platform/2.13.1/allure-junit-platform-2.13.1.jar:/home/dark-qa/.m2/repository/io/qameta/allure/allure-java-commons/2.13.1/allure-java-commons-2.13.1.jar:/home/dark-qa/.m2/repository/io/qameta/allure/allure-model/2.13.1/allure-model-2.13.1.jar:/home/dark-qa/.m2/repository/com/fasterxml/jackson/core/jackson-databind/2.9.8/jackson-databind-2.9.8.jar:/home/dark-qa/.m2/repository/com/fasterxml/jackson/core/jackson-annotations/2.9.0/jackson-annotations-2.9.0.jar:/home/dark-qa/.m2/repository/com/fasterxml/jackson/core/jackson-core/2.9.8/jackson-core-2.9.8.jar:/home/dark-qa/.m2/repository/org/apache/tika/tika-core/1.20/tika-core-1.20.jar:/home/dark-qa/.m2/repository/org/jooq/joor-java-8/0.9.10/joor-java-8-0.9.10.jar:/home/dark-qa/.m2/repository/org/junit/platform/junit-platform-launcher/1.5.2/junit-platform-launcher-1.5.2.jar:/home/dark-qa/.m2/repository/com/github/javafaker/javafaker/1.0.2/javafaker-1.0.2.jar:/home/dark-qa/.m2/repository/org/yaml/snakeyaml/1.23/snakeyaml-1.23-android.jar:/home/dark-qa/.m2/repository/com/github/mifmif/generex/1.0.2/generex-1.0.2.jar:/home/dark-qa/.m2/repository/dk/brics/automaton/automaton/1.11-8/automaton-1.11-8.jar:/home/dark-qa/.m2/repository/org/junit/jupiter/junit-jupiter-api/5.5.2/junit-jupiter-api-5.5.2.jar:/home/dark-qa/.m2/repository/org/opentest4j/opentest4j/1.2.0/opentest4j-1.2.0.jar:/home/dark-qa/.m2/repository/org/junit/platform/junit-platform-commons/1.5.2/junit-platform-commons-1.5.2.jar:"/>
    <property name="java.vm.vendor" value="Ubuntu"/>
    <property name="sun.arch.data.model" value="64"/>
    <property name="java.vendor.url" value="https://ubuntu.com/"/>
    <property name="user.timezone" value="Europe/Simferopol"/>
    <property name="java.vm.specification.version" value="11"/>
    <property name="os.name" value="Linux"/>
    <property name="sun.java.launcher" value="SUN_STANDARD"/>
    <property name="user.country" value="UA"/>
    <property name="sun.boot.library.path" value="/usr/lib/jvm/java-11-openjdk-amd64/lib"/>
    <property name="sun.java.command" value="/home/dark-qa/selenium_java/target/surefire/surefirebooter5047907729275025477.jar /home/dark-qa/selenium_java/target/surefire 2020-11-22T20-06-28_740-jvmRun1 surefire10642796900025648301tmp surefire_010918585773264572469tmp"/>
    <property name="jdk.debug" value="release"/>
    <property name="surefire.test.class.path" value="/home/dark-qa/selenium_java/target/test-classes:/home/dark-qa/selenium_java/target/classes:/home/dark-qa/.m2/repository/org/junit/jupiter/junit-jupiter-engine/5.5.2/junit-jupiter-engine-5.5.2.jar:/home/dark-qa/.m2/repository/org/apiguardian/apiguardian-api/1.1.0/apiguardian-api-1.1.0.jar:/home/dark-qa/.m2/repository/org/junit/platform/junit-platform-engine/1.5.2/junit-platform-engine-1.5.2.jar:/home/dark-qa/.m2/repository/io/github/bonigarcia/webdrivermanager/3.8.0/webdrivermanager-3.8.0.jar:/home/dark-qa/.m2/repository/org/slf4j/slf4j-api/1.7.25/slf4j-api-1.7.25.jar:/home/dark-qa/.m2/repository/commons-io/commons-io/2.6/commons-io-2.6.jar:/home/dark-qa/.m2/repository/com/google/code/gson/gson/2.8.5/gson-2.8.5.jar:/home/dark-qa/.m2/repository/org/apache/commons/commons-lang3/3.8.1/commons-lang3-3.8.1.jar:/home/dark-qa/.m2/repository/org/apache/httpcomponents/httpclient/4.5.6/httpclient-4.5.6.jar:/home/dark-qa/.m2/repository/org/apache/httpcomponents/httpcore/4.4.10/httpcore-4.4.10.jar:/home/dark-qa/.m2/repository/commons-logging/commons-logging/1.2/commons-logging-1.2.jar:/home/dark-qa/.m2/repository/commons-codec/commons-codec/1.10/commons-codec-1.10.jar:/home/dark-qa/.m2/repository/org/rauschig/jarchivelib/1.0.0/jarchivelib-1.0.0.jar:/home/dark-qa/.m2/repository/org/apache/commons/commons-compress/1.18/commons-compress-1.18.jar:/home/dark-qa/.m2/repository/org/jsoup/jsoup/1.11.3/jsoup-1.11.3.jar:/home/dark-qa/.m2/repository/org/seleniumhq/selenium/selenium-java/3.141.59/selenium-java-3.141.59.jar:/home/dark-qa/.m2/repository/org/seleniumhq/selenium/selenium-api/3.141.59/selenium-api-3.141.59.jar:/home/dark-qa/.m2/repository/org/seleniumhq/selenium/selenium-chrome-driver/3.141.59/selenium-chrome-driver-3.141.59.jar:/home/dark-qa/.m2/repository/org/seleniumhq/selenium/selenium-edge-driver/3.141.59/selenium-edge-driver-3.141.59.jar:/home/dark-qa/.m2/repository/org/seleniumhq/selenium/selenium-firefox-driver/3.141.59/selenium-firefox-driver-3.141.59.jar:/home/dark-qa/.m2/repository/org/seleniumhq/selenium/selenium-ie-driver/3.141.59/selenium-ie-driver-3.141.59.jar:/home/dark-qa/.m2/repository/org/seleniumhq/selenium/selenium-opera-driver/3.141.59/selenium-opera-driver-3.141.59.jar:/home/dark-qa/.m2/repository/org/seleniumhq/selenium/selenium-remote-driver/3.141.59/selenium-remote-driver-3.141.59.jar:/home/dark-qa/.m2/repository/org/seleniumhq/selenium/selenium-safari-driver/3.141.59/selenium-safari-driver-3.141.59.jar:/home/dark-qa/.m2/repository/org/seleniumhq/selenium/selenium-support/3.141.59/selenium-support-3.141.59.jar:/home/dark-qa/.m2/repository/net/bytebuddy/byte-buddy/1.8.15/byte-buddy-1.8.15.jar:/home/dark-qa/.m2/repository/org/apache/commons/commons-exec/1.3/commons-exec-1.3.jar:/home/dark-qa/.m2/repository/com/google/guava/guava/25.0-jre/guava-25.0-jre.jar:/home/dark-qa/.m2/repository/com/google/code/findbugs/jsr305/1.3.9/jsr305-1.3.9.jar:/home/dark-qa/.m2/repository/org/checkerframework/checker-compat-qual/2.0.0/checker-compat-qual-2.0.0.jar:/home/dark-qa/.m2/repository/com/google/errorprone/error_prone_annotations/2.1.3/error_prone_annotations-2.1.3.jar:/home/dark-qa/.m2/repository/com/google/j2objc/j2objc-annotations/1.1/j2objc-annotations-1.1.jar:/home/dark-qa/.m2/repository/org/codehaus/mojo/animal-sniffer-annotations/1.14/animal-sniffer-annotations-1.14.jar:/home/dark-qa/.m2/repository/com/squareup/okhttp3/okhttp/3.11.0/okhttp-3.11.0.jar:/home/dark-qa/.m2/repository/com/squareup/okio/okio/1.14.0/okio-1.14.0.jar:/home/dark-qa/.m2/repository/ch/qos/logback/logback-classic/1.1.1/logback-classic-1.1.1.jar:/home/dark-qa/.m2/repository/ch/qos/logback/logback-core/1.1.1/logback-core-1.1.1.jar:/home/dark-qa/.m2/repository/io/qameta/allure/allure-junit5/2.13.1/allure-junit5-2.13.1.jar:/home/dark-qa/.m2/repository/io/qameta/allure/allure-junit-platform/2.13.1/allure-junit-platform-2.13.1.jar:/home/dark-qa/.m2/repository/io/qameta/allure/allure-java-commons/2.13.1/allure-java-commons-2.13.1.jar:/home/dark-qa/.m2/repository/io/qameta/allure/allure-model/2.13.1/allure-model-2.13.1.jar:/home/dark-qa/.m2/repository/com/fasterxml/jackson/core/jackson-databind/2.9.8/jackson-databind-2.9.8.jar:/home/dark-qa/.m2/repository/com/fasterxml/jackson/core/jackson-annotations/2.9.0/jackson-annotations-2.9.0.jar:/home/dark-qa/.m2/repository/com/fasterxml/jackson/core/jackson-core/2.9.8/jackson-core-2.9.8.jar:/home/dark-qa/.m2/repository/org/apache/tika/tika-core/1.20/tika-core-1.20.jar:/home/dark-qa/.m2/repository/org/jooq/joor-java-8/0.9.10/joor-java-8-0.9.10.jar:/home/dark-qa/.m2/repository/org/junit/platform/junit-platform-launcher/1.5.2/junit-platform-launcher-1.5.2.jar:/home/dark-qa/.m2/repository/com/github/javafaker/javafaker/1.0.2/javafaker-1.0.2.jar:/home/dark-qa/.m2/repository/org/yaml/snakeyaml/1.23/snakeyaml-1.23-android.jar:/home/dark-qa/.m2/repository/com/github/mifmif/generex/1.0.2/generex-1.0.2.jar:/home/dark-qa/.m2/repository/dk/brics/automaton/automaton/1.11-8/automaton-1.11-8.jar:/home/dark-qa/.m2/repository/org/junit/jupiter/junit-jupiter-api/5.5.2/junit-jupiter-api-5.5.2.jar:/home/dark-qa/.m2/repository/org/opentest4j/opentest4j/1.2.0/opentest4j-1.2.0.jar:/home/dark-qa/.m2/repository/org/junit/platform/junit-platform-commons/1.5.2/junit-platform-commons-1.5.2.jar:"/>
    <property name="sun.cpu.endian" value="little"/>
    <property name="user.home" value="/home/dark-qa"/>
    <property name="user.language" value="ru"/>
    <property name="java.specification.vendor" value="Oracle Corporation"/>
    <property name="java.version.date" value="2020-11-04"/>
    <property name="java.home" value="/usr/lib/jvm/java-11-openjdk-amd64"/>
    <property name="file.separator" value="/"/>
    <property name="basedir" value="/home/dark-qa/selenium_java"/>
    <property name="java.vm.compressedOopsMode" value="32-bit"/>
    <property name="line.separator" value="&#10;"/>
    <property name="java.specification.name" value="Java Platform API Specification"/>
    <property name="java.vm.specification.vendor" value="Oracle Corporation"/>
    <property name="java.awt.graphicsenv" value="sun.awt.X11GraphicsEnvironment"/>
    <property name="surefire.real.class.path" value="/home/dark-qa/selenium_java/target/surefire/surefirebooter5047907729275025477.jar"/>
    <property name="sun.management.compiler" value="HotSpot 64-Bit Tiered Compilers"/>
    <property name="java.runtime.version" value="11.0.9.1+1-Ubuntu-0ubuntu1.18.04"/>
    <property name="user.name" value="dark-qa"/>
    <property name="path.separator" value=":"/>
    <property name="os.version" value="5.4.0-54-generic"/>
    <property name="java.runtime.name" value="OpenJDK Runtime Environment"/>
    <property name="file.encoding" value="UTF-8"/>
    <property name="java.vm.name" value="OpenJDK 64-Bit Server VM"/>
    <property name="localRepository" value="/home/dark-qa/.m2/repository"/>
    <property name="java.vendor.url.bug" value="https://bugs.launchpad.net/ubuntu/+source/openjdk-lts"/>
    <property name="java.io.tmpdir" value="/tmp"/>
    <property name="java.version" value="11.0.9.1"/>
    <property name="user.dir" value="/home/dark-qa/selenium_java"/>
    <property name="os.arch" value="amd64"/>
    <property name="java.vm.specification.name" value="Java Virtual Machine Specification"/>
    <property name="java.awt.printerjob" value="sun.print.PSPrinterJob"/>
    <property name="sun.os.patch.level" value="unknown"/>
    <property name="java.library.path" value="/usr/java/packages/lib:/usr/lib/x86_64-linux-gnu/jni:/lib/x86_64-linux-gnu:/usr/lib/x86_64-linux-gnu:/usr/lib/jni:/lib:/usr/lib"/>
    <property name="java.vm.info" value="mixed mode"/>
    <property name="java.vendor" value="Ubuntu"/>
    <property name="java.vm.version" value="11.0.9.1+1-Ubuntu-0ubuntu1.18.04"/>
    <property name="sun.io.unicode.encoding" value="UnicodeLittle"/>
    <property name="java.class.version" value="55.0"/>
  </properties>
  <testcase name="test1" classname="us.abstracta.opencard.RegisterUserTest" time="33.147"/>
  <testcase name="testUserLogin" classname="us.abstracta.opencard.RegisterUserTest" time="14.565"/>
</testsuite>